<?xml version="1.0" encoding="UTF-8"?>
<testsuite xmlns:xsi="http://www.w3.org/2001/XMLSchema-instance" xsi:noNamespaceSchemaLocation="https://maven.apache.org/surefire/maven-surefire-plugin/xsd/surefire-test-report-3.0.xsd" version="3.0" name="com.purdue.digitalbulletinboardserver.DigitalBulletinBoardServerApplicationTests" time="11.944" tests="10" errors="0" skipped="0" failures="0">
  <properties>
[...]
</properties>
  <testcase name="getAllPostsfirstpostid" classname="com.purdue.digitalbulletinboardserver.DigitalBulletinBoardServerApplicationTests" time="2.827">
    <system-out><![CDATA[18:21:47.720 [main] INFO org.springframework.test.context.support.AnnotationConfigContextLoaderUtils -- Could not detect default configuration classes for test class [com.purdue.digitalbulletinboardserver.DigitalBulletinBoardServerApplicationTests]: DigitalBulletinBoardServerApplicationTests does not declare any static, non-private, non-final, nested classes annotated with @Configuration.
18:21:47.875 [main] INFO org.springframework.boot.test.context.SpringBootTestContextBootstrapper -- Found @SpringBootConfiguration com.purdue.digitalbulletinboardserver.DigitalBulletinBoardServerApplication for test class com.purdue.digitalbulletinboardserver.DigitalBulletinBoardServerApplicationTests

  .   ____          _            __ _ _
 /\\ / ___'_ __ _ _(_)_ __  __ _ \ \ \ \
( ( )\___ | '_ | '_| | '_ \/ _` | \ \ \ \
 \\/  ___)| |_)| | | | | || (_| |  ) ) ) )
  '  |____| .__|_| |_|_| |_\__, | / / / /
 =========|_|==============|___/=/_/_/_/
 :: Spring Boot ::                (v3.1.2)

2023-12-04T18:21:48.393-05:00  INFO 12888 --- [           main] gitalBulletinBoardServerApplicationTests : Starting DigitalBulletinBoardServerApplicationTests using Java 17.0.8 with PID 12888 (started by Nithya S in C:\Users\Nithya S\IdeaProjects\digital-bulletin-board-1\digital-bulletin-board-server)
2023-12-04T18:21:48.394-05:00  INFO 12888 --- [           main] gitalBulletinBoardServerApplicationTests : No active profile set, falling back to 1 default profile: "default"
2023-12-04T18:21:49.841-05:00  INFO 12888 --- [           main] trationDelegate$BeanPostProcessorChecker : Bean 'org.springframework.ws.config.annotation.DelegatingWsConfiguration' of type [org.springframework.ws.config.annotation.DelegatingWsConfiguration$$SpringCGLIB$$0] is not eligible for getting processed by all BeanPostProcessors (for example: not eligible for auto-proxying)
2023-12-04T18:21:49.896-05:00  INFO 12888 --- [           main] .w.s.a.s.AnnotationActionEndpointMapping : Supporting [WS-Addressing August 2004, WS-Addressing 1.0]
2023-12-04T18:21:50.714-05:00  INFO 12888 --- [           main] com.zaxxer.hikari.HikariDataSource       : HikariPool-1 - Starting...
2023-12-04T18:21:51.987-05:00  INFO 12888 --- [           main] com.zaxxer.hikari.pool.HikariPool        : HikariPool-1 - Added connection com.mysql.cj.jdbc.ConnectionImpl@6afbe6a1
2023-12-04T18:21:51.992-05:00  INFO 12888 --- [           main] com.zaxxer.hikari.HikariDataSource       : HikariPool-1 - Start completed.
2023-12-04T18:21:53.627-05:00  INFO 12888 --- [           main] o.s.s.web.DefaultSecurityFilterChain     : Will secure any request with [org.springframework.security.web.session.DisableEncodeUrlFilter@c497a55, org.springframework.security.web.context.request.async.WebAsyncManagerIntegrationFilter@7493d937, org.springframework.security.web.context.SecurityContextHolderFilter@54329480, org.springframework.security.web.header.HeaderWriterFilter@6c6c2a73, org.springframework.security.web.authentication.logout.LogoutFilter@2bdb5e0f, org.springframework.security.web.authentication.UsernamePasswordAuthenticationFilter@5ed25612, org.springframework.security.web.authentication.ui.DefaultLoginPageGeneratingFilter@734fbae3, org.springframework.security.web.authentication.ui.DefaultLogoutPageGeneratingFilter@5dc7841c, org.springframework.security.web.savedrequest.RequestCacheAwareFilter@64f32e9e, org.springframework.security.web.servletapi.SecurityContextHolderAwareRequestFilter@1fcaea93, org.springframework.security.web.authentication.AnonymousAuthenticationFilter@4d67d5a4, org.springframework.security.web.access.ExceptionTranslationFilter@aca2fc3, org.springframework.security.web.access.intercept.AuthorizationFilter@3b8507df]
2023-12-04T18:21:55.225-05:00  INFO 12888 --- [           main] o.s.b.t.m.w.SpringBootMockServletContext : Initializing Spring TestDispatcherServlet ''
2023-12-04T18:21:55.226-05:00  INFO 12888 --- [           main] o.s.t.web.servlet.TestDispatcherServlet  : Initializing Servlet ''
2023-12-04T18:21:55.227-05:00  INFO 12888 --- [           main] o.s.t.web.servlet.TestDispatcherServlet  : Completed initialization in 1 ms
2023-12-04T18:21:55.281-05:00  INFO 12888 --- [           main] gitalBulletinBoardServerApplicationTests : Started DigitalBulletinBoardServerApplicationTests in 7.21 seconds (process running for 8.422)
]]></system-out>
  </testcase>
  <testcase name="editPostShouldUpdateHeader" classname="com.purdue.digitalbulletinboardserver.DigitalBulletinBoardServerApplicationTests" time="0.014"/>
  <testcase name="testShowLoginPage" classname="com.purdue.digitalbulletinboardserver.DigitalBulletinBoardServerApplicationTests" time="0.005">
    <system-out><![CDATA[Response Content:
<!DOCTYPE html>
<html lang="en">
  <head>
    <meta charset="utf-8">
    <meta name="viewport" content="width=device-width, initial-scale=1, shrink-to-fit=no">
    <meta name="description" content="">
    <meta name="author" content="">
    <title>Please sign in</title>
    <link href="https://maxcdn.bootstrapcdn.com/bootstrap/4.0.0-beta/css/bootstrap.min.css" rel="stylesheet" integrity="sha384-/Y6pD6FV/Vv2HJnA6t+vslU6fwYXjCFtcEpHbNJ0lyAFsXTsjBbfaDjzALeQsN6M" crossorigin="anonymous">
    <link href="https://getbootstrap.com/docs/4.0/examples/signin/signin.css" rel="stylesheet" crossorigin="anonymous"/>
  </head>
  <body>
     <div class="container">
      <form class="form-signin" method="post" action="/login">
        <h2 class="form-signin-heading">Please sign in</h2>
        <p>
          <label for="username" class="sr-only">Username</label>
          <input type="text" id="username" name="username" class="form-control" placeholder="Username" required autofocus>
        </p>
        <p>
          <label for="password" class="sr-only">Password</label>
          <input type="password" id="password" name="password" class="form-control" placeholder="Password" required>
        </p>
        <button class="btn btn-lg btn-primary btn-block" type="submit">Sign in</button>
      </form>
</div>
</body></html>
]]></system-out>
  </testcase>
  <testcase name="addPostShouldAddPostWithAttachmentsAndMessages" classname="com.purdue.digitalbulletinboardserver.DigitalBulletinBoardServerApplicationTests" time="0.011"/>
  <testcase name="testShowHomePage" classname="com.purdue.digitalbulletinboardserver.DigitalBulletinBoardServerApplicationTests" time="0.009"/>
  <testcase name="getAllPostsShouldReturnListOfPosts" classname="com.purdue.digitalbulletinboardserver.DigitalBulletinBoardServerApplicationTests" time="1.261"/>
  <testcase name="deletePostShouldReturnPostNotFound" classname="com.purdue.digitalbulletinboardserver.DigitalBulletinBoardServerApplicationTests" time="0.005"/>
  <testcase name="editPostShouldUpdateBody" classname="com.purdue.digitalbulletinboardserver.DigitalBulletinBoardServerApplicationTests" time="0.004"/>
  <testcase name="contextLoads" classname="com.purdue.digitalbulletinboardserver.DigitalBulletinBoardServerApplicationTests" time="0.002"/>
  <testcase name="deletePostShouldReturnSuccess" classname="com.purdue.digitalbulletinboardserver.DigitalBulletinBoardServerApplicationTests" time="0.004"/>
</testsuite>